<?xml version="1.0" encoding="UTF-8"?>
<!-- Generated by org.testng.reporters.JUnitXMLReporter -->
<testsuite ignored="0" hostname="DESKTOP-ABJFIHD" failures="0" tests="10" name="Test" time="20.259" errors="0" timestamp="2024-07-29T16:44:37 IST">
  <testcase classname="api.testCases.UserTest" name="testCreateUser" time="4.187"/>
  <testcase classname="api.testCases.UserTest" name="testGetUserData" time="1.566"/>
  <testcase classname="api.testCases.UserTest" name="testUpdateUser" time="1.612"/>
  <testcase classname="api.testCases.UserTest" name="testDeleteUser" time="1.522"/>
  <testcase classname="api.testCases.UserTestDD" name="testCreateUser" time="1.598"/>
  <testcase classname="api.testCases.UserTestDD" name="testCreateUser" time="1.62"/>
  <testcase classname="api.testCases.UserTestDD" name="testCreateUser" time="1.601"/>
  <testcase classname="api.testCases.UserTestDD" name="testDeleteUser" time="1.596"/>
  <testcase classname="api.testCases.UserTestDD" name="testDeleteUser" time="1.51"/>
  <testcase classname="api.testCases.UserTestDD" name="testDeleteUser" time="1.554"/>
</testsuite> <!-- Test -->
